<?xml version="1.0" encoding="UTF-8"?>
<testng-results ignored="0" total="1" passed="1" failed="0" skipped="0">
  <reporter-output>
  </reporter-output>
  <suite started-at="2021-03-30T16:03:16 PDT" name="Default suite" finished-at="2021-03-30T16:03:35 PDT" duration-ms="19291">
    <groups>
    </groups>
    <test started-at="2021-03-30T16:03:16 PDT" name="Default test" finished-at="2021-03-30T16:03:35 PDT" duration-ms="19291">
      <class name="com.amazonPom.testcases.TC01_ValidateBestSeller">
        <test-method signature="validateBestSeller()[pri:0, instance:com.amazonPom.testcases.TC01_ValidateBestSeller@74f0ea28]" started-at="2021-03-30T16:03:16 PDT" name="validateBestSeller" finished-at="2021-03-30T16:03:35 PDT" duration-ms="19246" status="PASS">
          <reporter-output>
          </reporter-output>
        </test-method> <!-- validateBestSeller -->
      </class> <!-- com.amazonPom.testcases.TC01_ValidateBestSeller -->
    </test> <!-- Default test -->
  </suite> <!-- Default suite -->
</testng-results>
